TN:
SF:src\buildDiff.js
FN:1,(anonymous_0)
FN:5,(anonymous_1)
FNF:2
FNH:2
FNDA:20,(anonymous_0)
FNDA:72,(anonymous_1)
DA:1,1
DA:2,20
DA:3,20
DA:5,20
DA:6,72
DA:7,8
DA:9,64
DA:10,20
DA:12,44
DA:13,12
DA:15,32
DA:16,16
DA:22,16
LF:13
LH:13
BRDA:6,0,0,8
BRDA:6,0,1,64
BRDA:9,1,0,20
BRDA:9,1,1,44
BRDA:12,2,0,12
BRDA:12,2,1,32
BRDA:15,3,0,16
BRDA:15,3,1,16
BRDA:15,4,0,32
BRDA:15,4,1,20
BRDA:15,4,2,16
BRDA:15,4,3,16
BRF:12
BRH:12
end_of_record
TN:
SF:src\genDiff.js
FN:6,(anonymous_0)
FN:15,(anonymous_1)
FNF:2
FNH:2
FNDA:8,(anonymous_0)
FNDA:4,(anonymous_1)
DA:6,1
DA:7,8
DA:9,8
DA:10,8
DA:12,8
DA:15,1
DA:16,4
DA:17,4
DA:19,4
DA:21,4
LF:10
LH:10
BRDA:15,0,0,0
BRF:1
BRH:0
end_of_record
TN:
SF:src\index.js
FNF:0
FNH:0
LF:0
LH:0
BRF:0
BRH:0
end_of_record
TN:
SF:src\parsers.js
FN:10,(anonymous_0)
FNF:1
FNH:1
FNDA:8,(anonymous_0)
DA:4,1
DA:11,8
DA:13,8
DA:14,0
DA:17,8
LF:5
LH:4
BRDA:11,0,0,0
BRDA:11,0,1,8
BRDA:13,1,0,0
BRDA:13,1,1,8
BRF:4
BRH:2
end_of_record
TN:
SF:src\utils.js
FN:4,(anonymous_0)
FN:14,(anonymous_1)
FN:16,(anonymous_2)
FNF:3
FNH:3
FNDA:8,(anonymous_0)
FNDA:8,(anonymous_1)
FNDA:8,(anonymous_2)
DA:4,1
DA:5,8
DA:7,8
DA:8,0
DA:11,8
DA:14,8
DA:16,1
DA:17,8
DA:19,8
LF:9
LH:8
BRDA:7,0,0,0
BRDA:7,0,1,8
BRF:2
BRH:1
end_of_record
TN:
SF:src\formatters\index.js
FN:5,(anonymous_0)
FNF:1
FNH:1
FNDA:4,(anonymous_0)
DA:6,4
DA:8,2
DA:10,0
DA:12,2
LF:4
LH:3
BRDA:6,0,0,2
BRDA:6,0,1,0
BRDA:6,0,2,2
BRF:3
BRH:2
end_of_record
TN:
SF:src\formatters\json.js
FN:1,(anonymous_0)
FNF:1
FNH:0
FNDA:0,(anonymous_0)
DA:1,0
LF:1
LH:0
BRF:0
BRH:0
end_of_record
TN:
SF:src\formatters\plain.js
FN:3,(anonymous_0)
FN:15,(anonymous_1)
FN:19,(anonymous_2)
FN:20,(anonymous_3)
FN:21,(anonymous_4)
FN:36,(anonymous_5)
FN:37,(anonymous_6)
FN:39,(anonymous_7)
FN:40,(anonymous_8)
FN:56,(anonymous_9)
FNF:10
FNH:10
FNDA:26,(anonymous_0)
FNDA:22,(anonymous_1)
FNDA:10,(anonymous_2)
FNDA:4,(anonymous_3)
FNDA:8,(anonymous_4)
FNDA:2,(anonymous_5)
FNDA:10,(anonymous_6)
FNDA:36,(anonymous_7)
FNDA:30,(anonymous_8)
FNDA:2,(anonymous_9)
DA:3,1
DA:4,26
DA:5,6
DA:8,20
DA:9,14
DA:12,6
DA:15,1
DA:18,22
DA:19,22
DA:20,22
DA:21,22
DA:23,22
DA:29,22
DA:30,0
DA:33,22
DA:36,1
DA:37,2
DA:38,10
DA:39,36
DA:41,30
DA:43,30
DA:44,8
DA:47,22
DA:50,10
DA:53,2
DA:56,2
LF:26
LH:25
BRDA:4,0,0,6
BRDA:4,0,1,20
BRDA:8,1,0,14
BRDA:8,1,1,6
BRDA:29,2,0,0
BRDA:29,2,1,22
BRDA:43,3,0,8
BRDA:43,3,1,22
BRF:8
BRH:7
end_of_record
TN:
SF:src\formatters\stylish.js
FN:7,(anonymous_0)
FN:9,(anonymous_1)
FN:16,(anonymous_2)
FN:25,(anonymous_3)
FN:31,(anonymous_4)
FN:32,(anonymous_5)
FN:33,(anonymous_6)
FN:39,(anonymous_7)
FN:55,(anonymous_8)
FN:56,(anonymous_9)
FN:58,(anonymous_10)
FN:80,(anonymous_11)
FNF:12
FNH:12
FNDA:74,(anonymous_0)
FNDA:48,(anonymous_1)
FNDA:18,(anonymous_2)
FNDA:28,(anonymous_3)
FNDA:10,(anonymous_4)
FNDA:4,(anonymous_5)
FNDA:8,(anonymous_6)
FNDA:6,(anonymous_7)
FNDA:2,(anonymous_8)
FNDA:10,(anonymous_9)
FNDA:36,(anonymous_10)
FNDA:2,(anonymous_11)
DA:3,1
DA:4,1
DA:5,1
DA:7,74
DA:9,1
DA:10,48
DA:11,14
DA:12,14
DA:14,14
DA:16,18
DA:18,14
DA:22,34
DA:25,1
DA:28,28
DA:29,28
DA:31,28
DA:32,28
DA:33,28
DA:39,28
DA:41,28
DA:48,28
DA:49,0
DA:52,28
DA:55,1
DA:56,2
DA:57,10
DA:59,36
DA:61,36
DA:62,8
DA:63,8
DA:65,8
DA:68,28
DA:71,10
DA:73,10
DA:77,2
DA:80,2
LF:36
LH:35
BRDA:10,0,0,14
BRDA:10,0,1,34
BRDA:48,1,0,0
BRDA:48,1,1,28
BRDA:56,2,0,2
BRDA:61,3,0,8
BRDA:61,3,1,28
BRF:7
BRH:6
end_of_record
